{"numFailedTestSuites":1,"numFailedTests":4,"numPassedTestSuites":14,"numPassedTests":494,"numPendingTestSuites":0,"numPendingTests":0,"numRuntimeErrorTestSuites":0,"numTodoTests":0,"numTotalTestSuites":15,"numTotalTests":498,"openHandles":[],"snapshot":{"added":0,"didUpdate":false,"failure":false,"filesAdded":0,"filesRemoved":0,"filesRemovedList":[],"filesUnmatched":0,"filesUpdated":0,"matched":0,"total":0,"unchecked":0,"uncheckedKeysByFile":[],"unmatched":0,"updated":0},"startTime":1751897826949,"success":false,"testResults":[{"assertionResults":[{"ancestorTitles":["Task Generator Comprehensive Tests","HTATaskGeneration Class Tests","Task Template System"],"duration":1,"failing":false,"failureDetails":[],"failureMessages":[],"fullName":"Task Generator Comprehensive Tests HTATaskGeneration Class Tests Task Template System should initialize task templates correctly","invocations":1,"location":null,"numPassingAsserts":6,"retryReasons":[],"startAt":1751897827080,"status":"passed","title":"should initialize task templates correctly"},{"ancestorTitles":["Task Generator Comprehensive Tests","HTATaskGeneration Class Tests","Task Template System"],"duration":0,"failing":false,"failureDetails":[],"failureMessages":[],"fullName":"Task Generator Comprehensive Tests HTATaskGeneration Class Tests Task Template System should have correct template structure","invocations":1,"location":null,"numPassingAsserts":7,"retryReasons":[],"startAt":1751897827082,"status":"passed","title":"should have correct template structure"},{"ancestorTitles":["Task Generator Comprehensive Tests","HTATaskGeneration Class Tests","Task Template System"],"duration":0,"failing":false,"failureDetails":[],"failureMessages":[],"fullName":"Task Generator Comprehensive Tests HTATaskGeneration Class Tests Task Template System should have templates for all strategic phases","invocations":1,"location":null,"numPassingAsserts":10,"retryReasons":[],"startAt":1751897827082,"status":"passed","title":"should have templates for all strategic phases"},{"ancestorTitles":["Task Generator Comprehensive Tests","HTATaskGeneration Class Tests","Task Template System"],"duration":0,"failing":false,"failureDetails":[],"failureMessages":[],"fullName":"Task Generator Comprehensive Tests HTATaskGeneration Class Tests Task Template System should have appropriate difficulty scaling per phase","invocations":1,"location":null,"numPassingAsserts":3,"retryReasons":[],"startAt":1751897827083,"status":"passed","title":"should have appropriate difficulty scaling per phase"},{"ancestorTitles":["Task Generator Comprehensive Tests","HTATaskGeneration Class Tests","Difficulty Scale System"],"duration":0,"failing":false,"failureDetails":[],"failureMessages":[],"fullName":"Task Generator Comprehensive Tests HTATaskGeneration Class Tests Difficulty Scale System should initialize difficulty scales correctly","invocations":1,"location":null,"numPassingAsserts":2,"retryReasons":[],"startAt":1751897827083,"status":"passed","title":"should initialize difficulty scales correctly"},{"ancestorTitles":["Task Generator Comprehensive Tests","HTATaskGeneration Class Tests","Difficulty Scale System"],"duration":1,"failing":false,"failureDetails":[],"failureMessages":[],"fullName":"Task Generator Comprehensive Tests HTATaskGeneration Class Tests Difficulty Scale System should have proper difficulty progression","invocations":1,"location":null,"numPassingAsserts":30,"retryReasons":[],"startAt":1751897827083,"status":"passed","title":"should have proper difficulty progression"},{"ancestorTitles":["Task Generator Comprehensive Tests","HTATaskGeneration Class Tests","Difficulty Scale System"],"duration":0,"failing":false,"failureDetails":[],"failureMessages":[],"fullName":"Task Generator Comprehensive Tests HTATaskGeneration Class Tests Difficulty Scale System should have logical difficulty names","invocations":1,"location":null,"numPassingAsserts":3,"retryReasons":[],"startAt":1751897827084,"status":"passed","title":"should have logical difficulty names"},{"ancestorTitles":["Task Generator Comprehensive Tests","HTATaskGeneration Class Tests","Task Generation for Strategic Branches"],"duration":2,"failing":false,"failureDetails":[],"failureMessages":[],"fullName":"Task Generator Comprehensive Tests HTATaskGeneration Class Tests Task Generation for Strategic Branches should generate tasks for a branch","invocations":1,"location":null,"numPassingAsserts":30,"retryReasons":[],"startAt":1751897827084,"status":"passed","title":"should generate tasks for a branch"},{"ancestorTitles":["Task Generator Comprehensive Tests","HTATaskGeneration Class Tests","Task Generation for Strategic Branches"],"duration":1,"failing":false,"failureDetails":[],"failureMessages":[],"fullName":"Task Generator Comprehensive Tests HTATaskGeneration Class Tests Task Generation for Strategic Branches should calculate optimal task count based on branch complexity","invocations":1,"location":null,"numPassingAsserts":3,"retryReasons":[],"startAt":1751897827086,"status":"passed","title":"should calculate optimal task count based on branch complexity"},{"ancestorTitles":["Task Generator Comprehensive Tests","HTATaskGeneration Class Tests","Task Generation for Strategic Branches"],"duration":0,"failing":false,"failureDetails":[],"failureMessages":[],"fullName":"Task Generator Comprehensive Tests HTATaskGeneration Class Tests Task Generation for Strategic Branches should adjust task count based on user preferences","invocations":1,"location":null,"numPassingAsserts":1,"retryReasons":[],"startAt":1751897827087,"status":"passed","title":"should adjust task count based on user preferences"},{"ancestorTitles":["Task Generator Comprehensive Tests","HTATaskGeneration Class Tests","Task Generation for Strategic Branches"],"duration":0,"failing":false,"failureDetails":[],"failureMessages":[],"fullName":"Task Generator Comprehensive Tests HTATaskGeneration Class Tests Task Generation for Strategic Branches should generate contextual parameters for domain extraction","invocations":1,"location":null,"numPassingAsserts":9,"retryReasons":[],"startAt":1751897827087,"status":"passed","title":"should generate contextual parameters for domain extraction"},{"ancestorTitles":["Task Generator Comprehensive Tests","HTATaskGeneration Class Tests","Task Generation for Strategic Branches"],"duration":0,"failing":false,"failureDetails":[],"failureMessages":[],"fullName":"Task Generator Comprehensive Tests HTATaskGeneration Class Tests Task Generation for Strategic Branches should extract appropriate tools for different domains","invocations":1,"location":null,"numPassingAsserts":4,"retryReasons":[],"startAt":1751897827087,"status":"passed","title":"should extract appropriate tools for different domains"},{"ancestorTitles":["Task Generator Comprehensive Tests","HTATaskGeneration Class Tests","Task Generation for Strategic Branches"],"duration":0,"failing":false,"failureDetails":[],"failureMessages":[],"fullName":"Task Generator Comprehensive Tests HTATaskGeneration Class Tests Task Generation for Strategic Branches should generate examples relevant to domain","invocations":1,"location":null,"numPassingAsserts":2,"retryReasons":[],"startAt":1751897827087,"status":"passed","title":"should generate examples relevant to domain"},{"ancestorTitles":["Task Generator Comprehensive Tests","HTATaskGeneration Class Tests","Task Template Processing"],"duration":1,"failing":false,"failureDetails":[],"failureMessages":[],"fullName":"Task Generator Comprehensive Tests HTATaskGeneration Class Tests Task Template Processing should create task from template with proper variable replacement","invocations":1,"location":null,"numPassingAsserts":7,"retryReasons":[],"startAt":1751897827087,"status":"passed","title":"should create task from template with proper variable replacement"},{"ancestorTitles":["Task Generator Comprehensive Tests","HTATaskGeneration Class Tests","Task Template Processing"],"duration":0,"failing":false,"failureDetails":[],"failureMessages":[],"fullName":"Task Generator Comprehensive Tests HTATaskGeneration Class Tests Task Template Processing should select appropriate task type for phase","invocations":1,"location":null,"numPassingAsserts":2,"retryReasons":[],"startAt":1751897827088,"status":"passed","title":"should select appropriate task type for phase"},{"ancestorTitles":["Task Generator Comprehensive Tests","HTATaskGeneration Class Tests","Task Template Processing"],"duration":0,"failing":false,"failureDetails":[],"failureMessages":[],"fullName":"Task Generator Comprehensive Tests HTATaskGeneration Class Tests Task Template Processing should distribute task types evenly across phase","invocations":1,"location":null,"numPassingAsserts":1,"retryReasons":[],"startAt":1751897827088,"status":"passed","title":"should distribute task types evenly across phase"},{"ancestorTitles":["Task Generator Comprehensive Tests","HTATaskGeneration Class Tests","Task Dependencies and Progression"],"duration":0,"failing":false,"failureDetails":[],"failureMessages":[],"fullName":"Task Generator Comprehensive Tests HTATaskGeneration Class Tests Task Dependencies and Progression should establish logical task dependencies","invocations":1,"location":null,"numPassingAsserts":4,"retryReasons":[],"startAt":1751897827088,"status":"passed","title":"should establish logical task dependencies"},{"ancestorTitles":["Task Generator Comprehensive Tests","HTATaskGeneration Class Tests","Task Dependencies and Progression"],"duration":0,"failing":false,"failureDetails":[],"failureMessages":[],"fullName":"Task Generator Comprehensive Tests HTATaskGeneration Class Tests Task Dependencies and Progression should add research dependencies for practice/build tasks","invocations":1,"location":null,"numPassingAsserts":2,"retryReasons":[],"startAt":1751897827088,"status":"passed","title":"should add research dependencies for practice/build tasks"},{"ancestorTitles":["Task Generator Comprehensive Tests","HTATaskGeneration Class Tests","Task Dependencies and Progression"],"duration":0,"failing":false,"failureDetails":[],"failureMessages":[],"fullName":"Task Generator Comprehensive Tests HTATaskGeneration Class Tests Task Dependencies and Progression should adjust difficulty progression smoothly","invocations":1,"location":null,"numPassingAsserts":4,"retryReasons":[],"startAt":1751897827088,"status":"passed","title":"should adjust difficulty progression smoothly"},{"ancestorTitles":["Task Generator Comprehensive Tests","HTATaskGeneration Class Tests","Task Dependencies and Progression"],"duration":1,"failing":false,"failureDetails":[],"failureMessages":[],"fullName":"Task Generator Comprehensive Tests HTATaskGeneration Class Tests Task Dependencies and Progression should clamp difficulty within valid range","invocations":1,"location":null,"numPassingAsserts":6,"retryReasons":[],"startAt":1751897827088,"status":"passed","title":"should clamp difficulty within valid range"},{"ancestorTitles":["Task Generator Comprehensive Tests","HTATaskGeneration Class Tests","Micro-Task Generation"],"duration":0,"failing":false,"failureDetails":[],"failureMessages":[],"fullName":"Task Generator Comprehensive Tests HTATaskGeneration Class Tests Micro-Task Generation should generate micro-tasks for complex tasks","invocations":1,"location":null,"numPassingAsserts":10,"retryReasons":[],"startAt":1751897827089,"status":"passed","title":"should generate micro-tasks for complex tasks"},{"ancestorTitles":["Task Generator Comprehensive Tests","HTATaskGeneration Class Tests","Micro-Task Generation"],"duration":0,"failing":false,"failureDetails":[],"failureMessages":[],"fullName":"Task Generator Comprehensive Tests HTATaskGeneration Class Tests Micro-Task Generation should not generate micro-tasks for simple tasks","invocations":1,"location":null,"numPassingAsserts":1,"retryReasons":[],"startAt":1751897827089,"status":"passed","title":"should not generate micro-tasks for simple tasks"},{"ancestorTitles":["Task Generator Comprehensive Tests","HTATaskGeneration Class Tests","Micro-Task Generation"],"duration":0,"failing":false,"failureDetails":[],"failureMessages":[],"fullName":"Task Generator Comprehensive Tests HTATaskGeneration Class Tests Micro-Task Generation should generate appropriate micro-task descriptions","invocations":1,"location":null,"numPassingAsserts":7,"retryReasons":[],"startAt":1751897827089,"status":"passed","title":"should generate appropriate micro-task descriptions"},{"ancestorTitles":["Task Generator Comprehensive Tests","HTATaskGeneration Class Tests","Task Validation"],"duration":0,"failing":false,"failureDetails":[],"failureMessages":[],"fullName":"Task Generator Comprehensive Tests HTATaskGeneration Class Tests Task Validation should validate task sequence without issues for valid tasks","invocations":1,"location":null,"numPassingAsserts":2,"retryReasons":[],"startAt":1751897827089,"status":"passed","title":"should validate task sequence without issues for valid tasks"},{"ancestorTitles":["Task Generator Comprehensive Tests","HTATaskGeneration Class Tests","Task Validation"],"duration":0,"failing":false,"failureDetails":[],"failureMessages":[],"fullName":"Task Generator Comprehensive Tests HTATaskGeneration Class Tests Task Validation should detect circular dependencies","invocations":1,"location":null,"numPassingAsserts":2,"retryReasons":[],"startAt":1751897827089,"status":"passed","title":"should detect circular dependencies"},{"ancestorTitles":["Task Generator Comprehensive Tests","HTATaskGeneration Class Tests","Task Validation"],"duration":0,"failing":false,"failureDetails":[],"failureMessages":[],"fullName":"Task Generator Comprehensive Tests HTATaskGeneration Class Tests Task Validation should detect difficulty jumps that are too large","invocations":1,"location":null,"numPassingAsserts":2,"retryReasons":[],"startAt":1751897827089,"status":"passed","title":"should detect difficulty jumps that are too large"},{"ancestorTitles":["Task Generator Comprehensive Tests","HTATaskGeneration Class Tests","Task Duration Estimation"],"duration":1,"failing":false,"failureDetails":[],"failureMessages":[],"fullName":"Task Generator Comprehensive Tests HTATaskGeneration Class Tests Task Duration Estimation should adjust duration based on user experience level","invocations":1,"location":null,"numPassingAsserts":2,"retryReasons":[],"startAt":1751897827089,"status":"passed","title":"should adjust duration based on user experience level"},{"ancestorTitles":["Task Generator Comprehensive Tests","HTATaskGeneration Class Tests","Task Duration Estimation"],"duration":0,"failing":false,"failureDetails":[],"failureMessages":[],"fullName":"Task Generator Comprehensive Tests HTATaskGeneration Class Tests Task Duration Estimation should suggest task breakdown for large time blocks","invocations":1,"location":null,"numPassingAsserts":2,"retryReasons":[],"startAt":1751897827090,"status":"passed","title":"should suggest task breakdown for large time blocks"},{"ancestorTitles":["Task Generator Comprehensive Tests","HTATaskGeneration Class Tests","Task Duration Estimation"],"duration":0,"failing":false,"failureDetails":[],"failureMessages":[],"fullName":"Task Generator Comprehensive Tests HTATaskGeneration Class Tests Task Duration Estimation should handle missing user context gracefully","invocations":1,"location":null,"numPassingAsserts":2,"retryReasons":[],"startAt":1751897827090,"status":"passed","title":"should handle missing user context gracefully"},{"ancestorTitles":["Task Generator Comprehensive Tests","TaskGeneratorEvolution Class Tests","Strategy Evolution"],"duration":111,"failing":false,"failureDetails":[],"failureMessages":[],"fullName":"Task Generator Comprehensive Tests TaskGeneratorEvolution Class Tests Strategy Evolution should evolve strategy with valid feedback","invocations":1,"location":null,"numPassingAsserts":4,"retryReasons":[],"startAt":1751897827090,"status":"passed","title":"should evolve strategy with valid feedback"},{"ancestorTitles":["Task Generator Comprehensive Tests","TaskGeneratorEvolution Class Tests","Strategy Evolution"],"duration":1,"failing":false,"failureDetails":[],"failureMessages":[],"fullName":"Task Generator Comprehensive Tests TaskGeneratorEvolution Class Tests Strategy Evolution should handle missing project gracefully","invocations":1,"location":null,"numPassingAsserts":2,"retryReasons":[],"startAt":1751897827201,"status":"passed","title":"should handle missing project gracefully"},{"ancestorTitles":["Task Generator Comprehensive Tests","TaskGeneratorEvolution Class Tests","Strategy Evolution"],"duration":1,"failing":false,"failureDetails":[{"matcherResult":{"actual":true,"expected":false,"message":"expect(received).toBe(expected) // Object.is equality\n\nExpected: false\nReceived: true","name":"toBe","pass":false}}],"failureMessages":["Error: expect(received).toBe(expected) // Object.is equality\n\nExpected: false\nReceived: true\n    at Object.<anonymous> (/Users/bretmeraki/Downloads/7-3forest-main/___stage1/modules/__tests__/task-generator.test.js:532:32)"],"fullName":"Task Generator Comprehensive Tests TaskGeneratorEvolution Class Tests Strategy Evolution should handle missing HTA data","invocations":1,"location":null,"numPassingAsserts":0,"retryReasons":[],"startAt":1751897827202,"status":"failed","title":"should handle missing HTA data"},{"ancestorTitles":["Task Generator Comprehensive Tests","TaskGeneratorEvolution Class Tests","Evolution Analysis"],"duration":0,"failing":false,"failureDetails":[],"failureMessages":[],"fullName":"Task Generator Comprehensive Tests TaskGeneratorEvolution Class Tests Evolution Analysis should analyze learning content for evolution needs","invocations":1,"location":null,"numPassingAsserts":3,"retryReasons":[],"startAt":1751897827203,"status":"passed","title":"should analyze learning content for evolution needs"},{"ancestorTitles":["Task Generator Comprehensive Tests","TaskGeneratorEvolution Class Tests","Evolution Analysis"],"duration":0,"failing":false,"failureDetails":[],"failureMessages":[],"fullName":"Task Generator Comprehensive Tests TaskGeneratorEvolution Class Tests Evolution Analysis should detect deep dive opportunities","invocations":1,"location":null,"numPassingAsserts":2,"retryReasons":[],"startAt":1751897827203,"status":"passed","title":"should detect deep dive opportunities"},{"ancestorTitles":["Task Generator Comprehensive Tests","TaskGeneratorEvolution Class Tests","Evolution Analysis"],"duration":0,"failing":false,"failureDetails":[{"matcherResult":{"actual":false,"expected":true,"message":"expect(received).toBe(expected) // Object.is equality\n\nExpected: true\nReceived: false","name":"toBe","pass":false}}],"failureMessages":["Error: expect(received).toBe(expected) // Object.is equality\n\nExpected: true\nReceived: false\n    at Object.<anonymous> (/Users/bretmeraki/Downloads/7-3forest-main/___stage1/modules/__tests__/task-generator.test.js:575:39)\n    at Promise.finally.completed (/Users/bretmeraki/Downloads/7-3forest-main/node_modules/jest-circus/build/jestAdapterInit.js:1559:28)\n    at new Promise (<anonymous>)\n    at callAsyncCircusFn (/Users/bretmeraki/Downloads/7-3forest-main/node_modules/jest-circus/build/jestAdapterInit.js:1499:10)\n    at _callCircusTest (/Users/bretmeraki/Downloads/7-3forest-main/node_modules/jest-circus/build/jestAdapterInit.js:1009:40)\n    at _runTest (/Users/bretmeraki/Downloads/7-3forest-main/node_modules/jest-circus/build/jestAdapterInit.js:949:3)\n    at _runTestsForDescribeBlock (/Users/bretmeraki/Downloads/7-3forest-main/node_modules/jest-circus/build/jestAdapterInit.js:839:13)\n    at _runTestsForDescribeBlock (/Users/bretmeraki/Downloads/7-3forest-main/node_modules/jest-circus/build/jestAdapterInit.js:829:11)\n    at _runTestsForDescribeBlock (/Users/bretmeraki/Downloads/7-3forest-main/node_modules/jest-circus/build/jestAdapterInit.js:829:11)\n    at _runTestsForDescribeBlock (/Users/bretmeraki/Downloads/7-3forest-main/node_modules/jest-circus/build/jestAdapterInit.js:829:11)\n    at run (/Users/bretmeraki/Downloads/7-3forest-main/node_modules/jest-circus/build/jestAdapterInit.js:757:3)\n    at runAndTransformResultsToJestFormat (/Users/bretmeraki/Downloads/7-3forest-main/node_modules/jest-circus/build/jestAdapterInit.js:1920:21)\n    at jestAdapter (/Users/bretmeraki/Downloads/7-3forest-main/node_modules/jest-circus/build/runner.js:101:19)\n    at runTestInternal (/Users/bretmeraki/Downloads/7-3forest-main/node_modules/jest-runner/build/index.js:272:16)\n    at runTest (/Users/bretmeraki/Downloads/7-3forest-main/node_modules/jest-runner/build/index.js:340:7)"],"fullName":"Task Generator Comprehensive Tests TaskGeneratorEvolution Class Tests Evolution Analysis should identify progressive learning","invocations":1,"location":null,"numPassingAsserts":0,"retryReasons":[],"startAt":1751897827203,"status":"failed","title":"should identify progressive learning"},{"ancestorTitles":["Task Generator Comprehensive Tests","TaskGeneratorEvolution Class Tests","Evolution Analysis"],"duration":0,"failing":false,"failureDetails":[],"failureMessages":[],"fullName":"Task Generator Comprehensive Tests TaskGeneratorEvolution Class Tests Evolution Analysis should not trigger evolution for minimal learning","invocations":1,"location":null,"numPassingAsserts":1,"retryReasons":[],"startAt":1751897827204,"status":"passed","title":"should not trigger evolution for minimal learning"},{"ancestorTitles":["Task Generator Comprehensive Tests","TaskGeneratorEvolution Class Tests","Evolution Context Analysis"],"duration":0,"failing":false,"failureDetails":[],"failureMessages":[],"fullName":"Task Generator Comprehensive Tests TaskGeneratorEvolution Class Tests Evolution Context Analysis should analyze breakthrough feedback correctly","invocations":1,"location":null,"numPassingAsserts":4,"retryReasons":[],"startAt":1751897827204,"status":"passed","title":"should analyze breakthrough feedback correctly"},{"ancestorTitles":["Task Generator Comprehensive Tests","TaskGeneratorEvolution Class Tests","Evolution Context Analysis"],"duration":0,"failing":false,"failureDetails":[],"failureMessages":[],"fullName":"Task Generator Comprehensive Tests TaskGeneratorEvolution Class Tests Evolution Context Analysis should analyze difficulty feedback","invocations":1,"location":null,"numPassingAsserts":2,"retryReasons":[],"startAt":1751897827204,"status":"passed","title":"should analyze difficulty feedback"},{"ancestorTitles":["Task Generator Comprehensive Tests","TaskGeneratorEvolution Class Tests","Evolution Context Analysis"],"duration":0,"failing":false,"failureDetails":[],"failureMessages":[],"fullName":"Task Generator Comprehensive Tests TaskGeneratorEvolution Class Tests Evolution Context Analysis should analyze acceleration feedback","invocations":1,"location":null,"numPassingAsserts":2,"retryReasons":[],"startAt":1751897827204,"status":"passed","title":"should analyze acceleration feedback"},{"ancestorTitles":["Task Generator Comprehensive Tests","TaskGeneratorEvolution Class Tests","Evolution Context Analysis"],"duration":1,"failing":false,"failureDetails":[{"matcherResult":{"message":"expect(received).toBeCloseTo(expected, precision)\n\nExpected: 0.5\nReceived: 0.3333333333333333\n\nExpected precision:    1\nExpected difference: < 0.05\nReceived difference:   0.16666666666666669","pass":false}}],"failureMessages":["Error: expect(received).toBeCloseTo(expected, precision)\n\nExpected: 0.5\nReceived: 0.3333333333333333\n\nExpected precision:    1\nExpected difference: < 0.05\nReceived difference:   0.16666666666666669\n    at Object.<anonymous> (/Users/bretmeraki/Downloads/7-3forest-main/___stage1/modules/__tests__/task-generator.test.js:627:40)\n    at Promise.finally.completed (/Users/bretmeraki/Downloads/7-3forest-main/node_modules/jest-circus/build/jestAdapterInit.js:1559:28)\n    at new Promise (<anonymous>)\n    at callAsyncCircusFn (/Users/bretmeraki/Downloads/7-3forest-main/node_modules/jest-circus/build/jestAdapterInit.js:1499:10)\n    at _callCircusTest (/Users/bretmeraki/Downloads/7-3forest-main/node_modules/jest-circus/build/jestAdapterInit.js:1009:40)\n    at _runTest (/Users/bretmeraki/Downloads/7-3forest-main/node_modules/jest-circus/build/jestAdapterInit.js:949:3)\n    at _runTestsForDescribeBlock (/Users/bretmeraki/Downloads/7-3forest-main/node_modules/jest-circus/build/jestAdapterInit.js:839:13)\n    at _runTestsForDescribeBlock (/Users/bretmeraki/Downloads/7-3forest-main/node_modules/jest-circus/build/jestAdapterInit.js:829:11)\n    at _runTestsForDescribeBlock (/Users/bretmeraki/Downloads/7-3forest-main/node_modules/jest-circus/build/jestAdapterInit.js:829:11)\n    at _runTestsForDescribeBlock (/Users/bretmeraki/Downloads/7-3forest-main/node_modules/jest-circus/build/jestAdapterInit.js:829:11)\n    at run (/Users/bretmeraki/Downloads/7-3forest-main/node_modules/jest-circus/build/jestAdapterInit.js:757:3)\n    at runAndTransformResultsToJestFormat (/Users/bretmeraki/Downloads/7-3forest-main/node_modules/jest-circus/build/jestAdapterInit.js:1920:21)\n    at jestAdapter (/Users/bretmeraki/Downloads/7-3forest-main/node_modules/jest-circus/build/runner.js:101:19)\n    at runTestInternal (/Users/bretmeraki/Downloads/7-3forest-main/node_modules/jest-runner/build/index.js:272:16)\n    at runTest (/Users/bretmeraki/Downloads/7-3forest-main/node_modules/jest-runner/build/index.js:340:7)"],"fullName":"Task Generator Comprehensive Tests TaskGeneratorEvolution Class Tests Evolution Context Analysis should calculate completion rate correctly","invocations":1,"location":null,"numPassingAsserts":0,"retryReasons":[],"startAt":1751897827204,"status":"failed","title":"should calculate completion rate correctly"},{"ancestorTitles":["Task Generator Comprehensive Tests","TaskGeneratorEvolution Class Tests","Task Generation by Evolution Type"],"duration":0,"failing":false,"failureDetails":[],"failureMessages":[],"fullName":"Task Generator Comprehensive Tests TaskGeneratorEvolution Class Tests Task Generation by Evolution Type should generate breakthrough tasks","invocations":1,"location":null,"numPassingAsserts":5,"retryReasons":[],"startAt":1751897827205,"status":"passed","title":"should generate breakthrough tasks"},{"ancestorTitles":["Task Generator Comprehensive Tests","TaskGeneratorEvolution Class Tests","Task Generation by Evolution Type"],"duration":0,"failing":false,"failureDetails":[],"failureMessages":[],"fullName":"Task Generator Comprehensive Tests TaskGeneratorEvolution Class Tests Task Generation by Evolution Type should generate support tasks for difficulties","invocations":1,"location":null,"numPassingAsserts":4,"retryReasons":[],"startAt":1751897827205,"status":"passed","title":"should generate support tasks for difficulties"},{"ancestorTitles":["Task Generator Comprehensive Tests","TaskGeneratorEvolution Class Tests","Task Generation by Evolution Type"],"duration":0,"failing":false,"failureDetails":[],"failureMessages":[],"fullName":"Task Generator Comprehensive Tests TaskGeneratorEvolution Class Tests Task Generation by Evolution Type should generate advanced tasks for acceleration","invocations":1,"location":null,"numPassingAsserts":4,"retryReasons":[],"startAt":1751897827205,"status":"passed","title":"should generate advanced tasks for acceleration"},{"ancestorTitles":["Task Generator Comprehensive Tests","TaskGeneratorEvolution Class Tests","Task Generation by Evolution Type"],"duration":0,"failing":false,"failureDetails":[],"failureMessages":[],"fullName":"Task Generator Comprehensive Tests TaskGeneratorEvolution Class Tests Task Generation by Evolution Type should generate exploration tasks for interest expansion","invocations":1,"location":null,"numPassingAsserts":3,"retryReasons":[],"startAt":1751897827205,"status":"passed","title":"should generate exploration tasks for interest expansion"},{"ancestorTitles":["Task Generator Comprehensive Tests","TaskGeneratorEvolution Class Tests","Task Generation by Evolution Type"],"duration":0,"failing":false,"failureDetails":[],"failureMessages":[],"fullName":"Task Generator Comprehensive Tests TaskGeneratorEvolution Class Tests Task Generation by Evolution Type should generate progression tasks for advancement","invocations":1,"location":null,"numPassingAsserts":3,"retryReasons":[],"startAt":1751897827205,"status":"passed","title":"should generate progression tasks for advancement"},{"ancestorTitles":["Task Generator Comprehensive Tests","TaskGeneratorEvolution Class Tests","Follow-up Task Generation"],"duration":1,"failing":false,"failureDetails":[],"failureMessages":[],"fullName":"Task Generator Comprehensive Tests TaskGeneratorEvolution Class Tests Follow-up Task Generation should generate breakthrough follow-up tasks","invocations":1,"location":null,"numPassingAsserts":4,"retryReasons":[],"startAt":1751897827205,"status":"passed","title":"should generate breakthrough follow-up tasks"},{"ancestorTitles":["Task Generator Comprehensive Tests","TaskGeneratorEvolution Class Tests","Follow-up Task Generation"],"duration":0,"failing":false,"failureDetails":[],"failureMessages":[],"fullName":"Task Generator Comprehensive Tests TaskGeneratorEvolution Class Tests Follow-up Task Generation should generate opportunity follow-up tasks","invocations":1,"location":null,"numPassingAsserts":3,"retryReasons":[],"startAt":1751897827206,"status":"passed","title":"should generate opportunity follow-up tasks"},{"ancestorTitles":["Task Generator Comprehensive Tests","TaskGeneratorEvolution Class Tests","Follow-up Task Generation"],"duration":0,"failing":false,"failureDetails":[],"failureMessages":[],"fullName":"Task Generator Comprehensive Tests TaskGeneratorEvolution Class Tests Follow-up Task Generation should generate standard follow-up tasks","invocations":1,"location":null,"numPassingAsserts":3,"retryReasons":[],"startAt":1751897827206,"status":"passed","title":"should generate standard follow-up tasks"},{"ancestorTitles":["Task Generator Comprehensive Tests","TaskGeneratorEvolution Class Tests","HTA Integration"],"duration":103,"failing":false,"failureDetails":[],"failureMessages":[],"fullName":"Task Generator Comprehensive Tests TaskGeneratorEvolution Class Tests HTA Integration should add tasks to HTA correctly","invocations":1,"location":null,"numPassingAsserts":2,"retryReasons":[],"startAt":1751897827206,"status":"passed","title":"should add tasks to HTA correctly"},{"ancestorTitles":["Task Generator Comprehensive Tests","TaskGeneratorEvolution Class Tests","HTA Integration"],"duration":1,"failing":false,"failureDetails":[],"failureMessages":[],"fullName":"Task Generator Comprehensive Tests TaskGeneratorEvolution Class Tests HTA Integration should handle validation errors when adding tasks","invocations":1,"location":null,"numPassingAsserts":1,"retryReasons":[],"startAt":1751897827309,"status":"passed","title":"should handle validation errors when adding tasks"},{"ancestorTitles":["Task Generator Comprehensive Tests","TaskGeneratorEvolution Class Tests","HTA Integration"],"duration":103,"failing":false,"failureDetails":[],"failureMessages":[],"fullName":"Task Generator Comprehensive Tests TaskGeneratorEvolution Class Tests HTA Integration should update HTA metadata when adding tasks","invocations":1,"location":null,"numPassingAsserts":2,"retryReasons":[],"startAt":1751897827310,"status":"passed","title":"should update HTA metadata when adding tasks"},{"ancestorTitles":["Task Generator Comprehensive Tests","TaskGeneratorEvolution Class Tests","HTA Integration"],"duration":1,"failing":false,"failureDetails":[],"failureMessages":[],"fullName":"Task Generator Comprehensive Tests TaskGeneratorEvolution Class Tests HTA Integration should load path HTA with fallback logic","invocations":1,"location":null,"numPassingAsserts":3,"retryReasons":[],"startAt":1751897827413,"status":"passed","title":"should load path HTA with fallback logic"},{"ancestorTitles":["Task Generator Comprehensive Tests","TaskGeneratorEvolution Class Tests","HTA Integration"],"duration":1,"failing":false,"failureDetails":[],"failureMessages":[],"fullName":"Task Generator Comprehensive Tests TaskGeneratorEvolution Class Tests HTA Integration should handle missing HTA data gracefully","invocations":1,"location":null,"numPassingAsserts":1,"retryReasons":[],"startAt":1751897827414,"status":"passed","title":"should handle missing HTA data gracefully"},{"ancestorTitles":["Task Generator Comprehensive Tests","TaskGeneratorEvolution Class Tests","HTA Evolution Based on Learning"],"duration":0,"failing":false,"failureDetails":[],"failureMessages":[],"fullName":"Task Generator Comprehensive Tests TaskGeneratorEvolution Class Tests HTA Evolution Based on Learning should evolve HTA based on learning block","invocations":1,"location":null,"numPassingAsserts":1,"retryReasons":[],"startAt":1751897827415,"status":"passed","title":"should evolve HTA based on learning block"},{"ancestorTitles":["Task Generator Comprehensive Tests","TaskGeneratorEvolution Class Tests","HTA Evolution Based on Learning"],"duration":1,"failing":false,"failureDetails":[],"failureMessages":[],"fullName":"Task Generator Comprehensive Tests TaskGeneratorEvolution Class Tests HTA Evolution Based on Learning should handle evolution failure gracefully","invocations":1,"location":null,"numPassingAsserts":1,"retryReasons":[],"startAt":1751897827415,"status":"passed","title":"should handle evolution failure gracefully"},{"ancestorTitles":["Task Generator Comprehensive Tests","TaskGeneratorEvolution Class Tests","HTA Evolution Based on Learning"],"duration":0,"failing":false,"failureDetails":[],"failureMessages":[],"fullName":"Task Generator Comprehensive Tests TaskGeneratorEvolution Class Tests HTA Evolution Based on Learning should skip evolution for minimal learning","invocations":1,"location":null,"numPassingAsserts":1,"retryReasons":[],"startAt":1751897827416,"status":"passed","title":"should skip evolution for minimal learning"},{"ancestorTitles":["Task Generator Comprehensive Tests","Integration and Edge Cases","Error Handling"],"duration":0,"failing":false,"failureDetails":[],"failureMessages":[],"fullName":"Task Generator Comprehensive Tests Integration and Edge Cases Error Handling should handle missing dependencies gracefully","invocations":1,"location":null,"numPassingAsserts":2,"retryReasons":[],"startAt":1751897827416,"status":"passed","title":"should handle missing dependencies gracefully"},{"ancestorTitles":["Task Generator Comprehensive Tests","Integration and Edge Cases","Error Handling"],"duration":2,"failing":false,"failureDetails":[{"matcherResult":{"actual":"object","expected":"string","message":"expect(received).toBe(expected) // Object.is equality\n\nExpected: \"string\"\nReceived: \"object\"","name":"toBe","pass":false}}],"failureMessages":["Error: expect(received).toBe(expected) // Object.is equality\n\nExpected: \"string\"\nReceived: \"object\"\n    at Object.<anonymous> (/Users/bretmeraki/Downloads/7-3forest-main/___stage1/modules/__tests__/task-generator.test.js:865:41)\n    at Promise.finally.completed (/Users/bretmeraki/Downloads/7-3forest-main/node_modules/jest-circus/build/jestAdapterInit.js:1559:28)\n    at new Promise (<anonymous>)\n    at callAsyncCircusFn (/Users/bretmeraki/Downloads/7-3forest-main/node_modules/jest-circus/build/jestAdapterInit.js:1499:10)\n    at _callCircusTest (/Users/bretmeraki/Downloads/7-3forest-main/node_modules/jest-circus/build/jestAdapterInit.js:1009:40)\n    at _runTest (/Users/bretmeraki/Downloads/7-3forest-main/node_modules/jest-circus/build/jestAdapterInit.js:949:3)\n    at _runTestsForDescribeBlock (/Users/bretmeraki/Downloads/7-3forest-main/node_modules/jest-circus/build/jestAdapterInit.js:839:13)\n    at _runTestsForDescribeBlock (/Users/bretmeraki/Downloads/7-3forest-main/node_modules/jest-circus/build/jestAdapterInit.js:829:11)\n    at _runTestsForDescribeBlock (/Users/bretmeraki/Downloads/7-3forest-main/node_modules/jest-circus/build/jestAdapterInit.js:829:11)\n    at _runTestsForDescribeBlock (/Users/bretmeraki/Downloads/7-3forest-main/node_modules/jest-circus/build/jestAdapterInit.js:829:11)\n    at run (/Users/bretmeraki/Downloads/7-3forest-main/node_modules/jest-circus/build/jestAdapterInit.js:757:3)\n    at runAndTransformResultsToJestFormat (/Users/bretmeraki/Downloads/7-3forest-main/node_modules/jest-circus/build/jestAdapterInit.js:1920:21)\n    at jestAdapter (/Users/bretmeraki/Downloads/7-3forest-main/node_modules/jest-circus/build/runner.js:101:19)\n    at runTestInternal (/Users/bretmeraki/Downloads/7-3forest-main/node_modules/jest-runner/build/index.js:272:16)\n    at runTest (/Users/bretmeraki/Downloads/7-3forest-main/node_modules/jest-runner/build/index.js:340:7)"],"fullName":"Task Generator Comprehensive Tests Integration and Edge Cases Error Handling should handle malformed feedback in evolution","invocations":1,"location":null,"numPassingAsserts":1,"retryReasons":[],"startAt":1751897827417,"status":"failed","title":"should handle malformed feedback in evolution"},{"ancestorTitles":["Task Generator Comprehensive Tests","Integration and Edge Cases","Error Handling"],"duration":1,"failing":false,"failureDetails":[],"failureMessages":[],"fullName":"Task Generator Comprehensive Tests Integration and Edge Cases Error Handling should handle empty HTA data","invocations":1,"location":null,"numPassingAsserts":1,"retryReasons":[],"startAt":1751897827419,"status":"passed","title":"should handle empty HTA data"},{"ancestorTitles":["Task Generator Comprehensive Tests","Integration and Edge Cases","Error Handling"],"duration":0,"failing":false,"failureDetails":[],"failureMessages":[],"fullName":"Task Generator Comprehensive Tests Integration and Edge Cases Error Handling should handle null HTA frontierNodes","invocations":1,"location":null,"numPassingAsserts":1,"retryReasons":[],"startAt":1751897827420,"status":"passed","title":"should handle null HTA frontierNodes"},{"ancestorTitles":["Task Generator Comprehensive Tests","Integration and Edge Cases","Performance Tests"],"duration":1,"failing":false,"failureDetails":[],"failureMessages":[],"fullName":"Task Generator Comprehensive Tests Integration and Edge Cases Performance Tests should handle large numbers of tasks efficiently","invocations":1,"location":null,"numPassingAsserts":3,"retryReasons":[],"startAt":1751897827420,"status":"passed","title":"should handle large numbers of tasks efficiently"},{"ancestorTitles":["Task Generator Comprehensive Tests","Integration and Edge Cases","Performance Tests"],"duration":1,"failing":false,"failureDetails":[],"failureMessages":[],"fullName":"Task Generator Comprehensive Tests Integration and Edge Cases Performance Tests should validate large task sequences efficiently","invocations":1,"location":null,"numPassingAsserts":2,"retryReasons":[],"startAt":1751897827421,"status":"passed","title":"should validate large task sequences efficiently"},{"ancestorTitles":["Task Generator Comprehensive Tests","Integration and Edge Cases","Complex Scenario Tests"],"duration":0,"failing":false,"failureDetails":[],"failureMessages":[],"fullName":"Task Generator Comprehensive Tests Integration and Edge Cases Complex Scenario Tests should handle multi-domain task generation","invocations":1,"location":null,"numPassingAsserts":9,"retryReasons":[],"startAt":1751897827422,"status":"passed","title":"should handle multi-domain task generation"},{"ancestorTitles":["Task Generator Comprehensive Tests","Integration and Edge Cases","Complex Scenario Tests"],"duration":306,"failing":false,"failureDetails":[],"failureMessages":[],"fullName":"Task Generator Comprehensive Tests Integration and Edge Cases Complex Scenario Tests should handle rapid evolution cycles","invocations":1,"location":null,"numPassingAsserts":3,"retryReasons":[],"startAt":1751897827422,"status":"passed","title":"should handle rapid evolution cycles"},{"ancestorTitles":["Task Generator Comprehensive Tests","Integration and Edge Cases","Complex Scenario Tests"],"duration":103,"failing":false,"failureDetails":[],"failureMessages":[],"fullName":"Task Generator Comprehensive Tests Integration and Edge Cases Complex Scenario Tests should maintain task coherence across evolution cycles","invocations":1,"location":null,"numPassingAsserts":3,"retryReasons":[],"startAt":1751897827728,"status":"passed","title":"should maintain task coherence across evolution cycles"}],"endTime":1751897827857,"message":"  ● Task Generator Comprehensive Tests › TaskGeneratorEvolution Class Tests › Strategy Evolution › should handle missing HTA data\n\n    expect(received).toBe(expected) // Object.is equality\n\n    Expected: false\n    Received: true\n\n      530 |         });\n      531 |         \n    > 532 |         expect(result.success).toBe(false);\n          |                                ^\n      533 |         expect(result.error).toContain('No HTA data found to evolve');\n      534 |       });\n      535 |     });\n\n      at Object.<anonymous> (___stage1/modules/__tests__/task-generator.test.js:532:32)\n\n  ● Task Generator Comprehensive Tests › TaskGeneratorEvolution Class Tests › Evolution Analysis › should identify progressive learning\n\n    expect(received).toBe(expected) // Object.is equality\n\n    Expected: true\n    Received: false\n\n      573 |         \n      574 |         // Test that it correctly identifies progressive learning\n    > 575 |         expect(analysis.shouldEvolve).toBe(true);\n          |                                       ^\n      576 |         expect(analysis.evolutionType).toBe('progressive');\n      577 |         expect(analysis.learningDepth).toBeGreaterThan(100); // Ensure sufficient length\n      578 |       });\n\n      at Object.<anonymous> (___stage1/modules/__tests__/task-generator.test.js:575:39)\n\n  ● Task Generator Comprehensive Tests › TaskGeneratorEvolution Class Tests › Evolution Context Analysis › should calculate completion rate correctly\n\n    expect(received).toBeCloseTo(expected, precision)\n\n    Expected: 0.5\n    Received: 0.3333333333333333\n\n    Expected precision:    1\n    Expected difference: < 0.05\n    Received difference:   0.16666666666666669\n\n      625 |         \n      626 |         // mockHtaData has 2 tasks, 1 completed - so should be 0.5\n    > 627 |         expect(context.completionRate).toBeCloseTo(0.5, 1);\n          |                                        ^\n      628 |         expect(context.feedback).toBe('test');\n      629 |       });\n      630 |     });\n\n      at Object.<anonymous> (___stage1/modules/__tests__/task-generator.test.js:627:40)\n\n  ● Task Generator Comprehensive Tests › Integration and Edge Cases › Error Handling › should handle malformed feedback in evolution\n\n    expect(received).toBe(expected) // Object.is equality\n\n    Expected: \"string\"\n    Received: \"object\"\n\n      863 |         \n      864 |         expect(context.focus).toBe('general');\n    > 865 |         expect(typeof context.feedback).toBe('string');\n          |                                         ^\n      866 |         expect(context.feedback).toContain('object');\n      867 |       });\n      868 |\n\n      at Object.<anonymous> (___stage1/modules/__tests__/task-generator.test.js:865:41)\n","name":"/Users/bretmeraki/Downloads/7-3forest-main/___stage1/modules/__tests__/task-generator.test.js","startTime":1751897826970,"status":"failed","summary":""},{"assertionResults":[{"ancestorTitles":["SelfHealManager Comprehensive Coverage","Constructor"],"duration":0,"failing":false,"failureDetails":[],"failureMessages":[],"fullName":"SelfHealManager Comprehensive Coverage Constructor should create SelfHealManager with default options","invocations":1,"location":null,"numPassingAsserts":5,"retryReasons":[],"startAt":1751897827912,"status":"passed","title":"should create SelfHealManager with default options"},{"ancestorTitles":["SelfHealManager Comprehensive Coverage","Constructor"],"duration":0,"failing":false,"failureDetails":[],"failureMessages":[],"fullName":"SelfHealManager Comprehensive Coverage Constructor should create SelfHealManager with custom options","invocations":1,"location":null,"numPassingAsserts":4,"retryReasons":[],"startAt":1751897827913,"status":"passed","title":"should create SelfHealManager with custom options"},{"ancestorTitles":["SelfHealManager Comprehensive Coverage","triggerSelfHealing"],"duration":1,"failing":false,"failureDetails":[],"failureMessages":[],"fullName":"SelfHealManager Comprehensive Coverage triggerSelfHealing should throw error for invalid component name","invocations":1,"location":null,"numPassingAsserts":3,"retryReasons":[],"startAt":1751897827913,"status":"passed","title":"should throw error for invalid component name"},{"ancestorTitles":["SelfHealManager Comprehensive Coverage","triggerSelfHealing"],"duration":3004,"failing":false,"failureDetails":[],"failureMessages":[],"fullName":"SelfHealManager Comprehensive Coverage triggerSelfHealing should prevent concurrent healing of same component","invocations":1,"location":null,"numPassingAsserts":1,"retryReasons":[],"startAt":1751897827914,"status":"passed","title":"should prevent concurrent healing of same component"},{"ancestorTitles":["SelfHealManager Comprehensive Coverage","triggerSelfHealing"],"duration":3,"failing":false,"failureDetails":[],"failureMessages":[],"fullName":"SelfHealManager Comprehensive Coverage triggerSelfHealing should execute healing successfully","invocations":1,"location":null,"numPassingAsserts":5,"retryReasons":[],"startAt":1751897830918,"status":"passed","title":"should execute healing successfully"},{"ancestorTitles":["SelfHealManager Comprehensive Coverage","triggerSelfHealing"],"duration":1,"failing":false,"failureDetails":[],"failureMessages":[],"fullName":"SelfHealManager Comprehensive Coverage triggerSelfHealing should emit healing events","invocations":1,"location":null,"numPassingAsserts":2,"retryReasons":[],"startAt":1751897830921,"status":"passed","title":"should emit healing events"},{"ancestorTitles":["SelfHealManager Comprehensive Coverage","triggerSelfHealing"],"duration":3004,"failing":false,"failureDetails":[],"failureMessages":[],"fullName":"SelfHealManager Comprehensive Coverage triggerSelfHealing should handle healing failures","invocations":1,"location":null,"numPassingAsserts":2,"retryReasons":[],"startAt":1751897830923,"status":"passed","title":"should handle healing failures"},{"ancestorTitles":["SelfHealManager Comprehensive Coverage","triggerSelfHealing"],"duration":1,"failing":false,"failureDetails":[],"failureMessages":[],"fullName":"SelfHealManager Comprehensive Coverage triggerSelfHealing should record healing history","invocations":1,"location":null,"numPassingAsserts":3,"retryReasons":[],"startAt":1751897833928,"status":"passed","title":"should record healing history"},{"ancestorTitles":["SelfHealManager Comprehensive Coverage","triggerSelfHealing"],"duration":3006,"failing":false,"failureDetails":[],"failureMessages":[],"fullName":"SelfHealManager Comprehensive Coverage triggerSelfHealing should record failed healing attempts","invocations":1,"location":null,"numPassingAsserts":4,"retryReasons":[],"startAt":1751897833929,"status":"passed","title":"should record failed healing attempts"},{"ancestorTitles":["SelfHealManager Comprehensive Coverage","triggerSelfHealing"],"duration":1,"failing":false,"failureDetails":[],"failureMessages":[],"fullName":"SelfHealManager Comprehensive Coverage triggerSelfHealing should clean up healing progress on completion","invocations":1,"location":null,"numPassingAsserts":1,"retryReasons":[],"startAt":1751897836936,"status":"passed","title":"should clean up healing progress on completion"},{"ancestorTitles":["SelfHealManager Comprehensive Coverage","triggerSelfHealing"],"duration":3004,"failing":false,"failureDetails":[],"failureMessages":[],"fullName":"SelfHealManager Comprehensive Coverage triggerSelfHealing should clean up healing progress on failure","invocations":1,"location":null,"numPassingAsserts":1,"retryReasons":[],"startAt":1751897836937,"status":"passed","title":"should clean up healing progress on failure"},{"ancestorTitles":["SelfHealManager Comprehensive Coverage","executeHealing"],"duration":2,"failing":false,"failureDetails":[],"failureMessages":[],"fullName":"SelfHealManager Comprehensive Coverage executeHealing should execute healing commands in dry run mode","invocations":1,"location":null,"numPassingAsserts":4,"retryReasons":[],"startAt":1751897839941,"status":"passed","title":"should execute healing commands in dry run mode"},{"ancestorTitles":["SelfHealManager Comprehensive Coverage","executeHealing"],"duration":2,"failing":false,"failureDetails":[],"failureMessages":[],"fullName":"SelfHealManager Comprehensive Coverage executeHealing should execute healing commands normally","invocations":1,"location":null,"numPassingAsserts":4,"retryReasons":[],"startAt":1751897839943,"status":"passed","title":"should execute healing commands normally"},{"ancestorTitles":["SelfHealManager Comprehensive Coverage","executeHealing"],"duration":3003,"failing":false,"failureDetails":[],"failureMessages":[],"fullName":"SelfHealManager Comprehensive Coverage executeHealing should retry on failure with exponential backoff","invocations":1,"location":null,"numPassingAsserts":2,"retryReasons":[],"startAt":1751897839945,"status":"passed","title":"should retry on failure with exponential backoff"},{"ancestorTitles":["SelfHealManager Comprehensive Coverage","executeHealing"],"duration":1002,"failing":false,"failureDetails":[],"failureMessages":[],"fullName":"SelfHealManager Comprehensive Coverage executeHealing should fail after max retries","invocations":1,"location":null,"numPassingAsserts":2,"retryReasons":[],"startAt":1751897842949,"status":"passed","title":"should fail after max retries"},{"ancestorTitles":["SelfHealManager Comprehensive Coverage","executeHealing"],"duration":1,"failing":false,"failureDetails":[],"failureMessages":[],"fullName":"SelfHealManager Comprehensive Coverage executeHealing should handle empty command output","invocations":1,"location":null,"numPassingAsserts":1,"retryReasons":[],"startAt":1751897843952,"status":"passed","title":"should handle empty command output"},{"ancestorTitles":["SelfHealManager Comprehensive Coverage","executeHealing"],"duration":0,"failing":false,"failureDetails":[],"failureMessages":[],"fullName":"SelfHealManager Comprehensive Coverage executeHealing should handle null command output","invocations":1,"location":null,"numPassingAsserts":1,"retryReasons":[],"startAt":1751897843953,"status":"passed","title":"should handle null command output"},{"ancestorTitles":["SelfHealManager Comprehensive Coverage","getHealingCommands"],"duration":0,"failing":false,"failureDetails":[],"failureMessages":[],"fullName":"SelfHealManager Comprehensive Coverage getHealingCommands should return commands for task-scorer","invocations":1,"location":null,"numPassingAsserts":2,"retryReasons":[],"startAt":1751897843954,"status":"passed","title":"should return commands for task-scorer"},{"ancestorTitles":["SelfHealManager Comprehensive Coverage","getHealingCommands"],"duration":1,"failing":false,"failureDetails":[],"failureMessages":[],"fullName":"SelfHealManager Comprehensive Coverage getHealingCommands should return commands for vector-store","invocations":1,"location":null,"numPassingAsserts":1,"retryReasons":[],"startAt":1751897843954,"status":"passed","title":"should return commands for vector-store"},{"ancestorTitles":["SelfHealManager Comprehensive Coverage","getHealingCommands"],"duration":0,"failing":false,"failureDetails":[],"failureMessages":[],"fullName":"SelfHealManager Comprehensive Coverage getHealingCommands should return commands for hta-core","invocations":1,"location":null,"numPassingAsserts":1,"retryReasons":[],"startAt":1751897843955,"status":"passed","title":"should return commands for hta-core"},{"ancestorTitles":["SelfHealManager Comprehensive Coverage","getHealingCommands"],"duration":1,"failing":false,"failureDetails":[],"failureMessages":[],"fullName":"SelfHealManager Comprehensive Coverage getHealingCommands should return commands for memory-sync","invocations":1,"location":null,"numPassingAsserts":1,"retryReasons":[],"startAt":1751897843955,"status":"passed","title":"should return commands for memory-sync"},{"ancestorTitles":["SelfHealManager Comprehensive Coverage","getHealingCommands"],"duration":0,"failing":false,"failureDetails":[],"failureMessages":[],"fullName":"SelfHealManager Comprehensive Coverage getHealingCommands should return default commands for unknown component","invocations":1,"location":null,"numPassingAsserts":1,"retryReasons":[],"startAt":1751897843956,"status":"passed","title":"should return default commands for unknown component"},{"ancestorTitles":["SelfHealManager Comprehensive Coverage","getHealingCommands"],"duration":0,"failing":false,"failureDetails":[],"failureMessages":[],"fullName":"SelfHealManager Comprehensive Coverage getHealingCommands should include custom commands when provided","invocations":1,"location":null,"numPassingAsserts":2,"retryReasons":[],"startAt":1751897843956,"status":"passed","title":"should include custom commands when provided"},{"ancestorTitles":["SelfHealManager Comprehensive Coverage","getHealingCommands"],"duration":1,"failing":false,"failureDetails":[],"failureMessages":[],"fullName":"SelfHealManager Comprehensive Coverage getHealingCommands should handle empty custom commands array","invocations":1,"location":null,"numPassingAsserts":1,"retryReasons":[],"startAt":1751897843956,"status":"passed","title":"should handle empty custom commands array"},{"ancestorTitles":["SelfHealManager Comprehensive Coverage","getHealingCommands"],"duration":0,"failing":false,"failureDetails":[],"failureMessages":[],"fullName":"SelfHealManager Comprehensive Coverage getHealingCommands should handle null/undefined component names","invocations":1,"location":null,"numPassingAsserts":2,"retryReasons":[],"startAt":1751897843957,"status":"passed","title":"should handle null/undefined component names"},{"ancestorTitles":["SelfHealManager Comprehensive Coverage","getHealingHistory"],"duration":1,"failing":false,"failureDetails":[],"failureMessages":[],"fullName":"SelfHealManager Comprehensive Coverage getHealingHistory should return history for specific component","invocations":1,"location":null,"numPassingAsserts":2,"retryReasons":[],"startAt":1751897843957,"status":"passed","title":"should return history for specific component"},{"ancestorTitles":["SelfHealManager Comprehensive Coverage","getHealingHistory"],"duration":1,"failing":false,"failureDetails":[],"failureMessages":[],"fullName":"SelfHealManager Comprehensive Coverage getHealingHistory should return all history when no component specified","invocations":1,"location":null,"numPassingAsserts":1,"retryReasons":[],"startAt":1751897843958,"status":"passed","title":"should return all history when no component specified"},{"ancestorTitles":["SelfHealManager Comprehensive Coverage","getHealingHistory"],"duration":0,"failing":false,"failureDetails":[],"failureMessages":[],"fullName":"SelfHealManager Comprehensive Coverage getHealingHistory should return empty array for non-existent component","invocations":1,"location":null,"numPassingAsserts":1,"retryReasons":[],"startAt":1751897843959,"status":"passed","title":"should return empty array for non-existent component"},{"ancestorTitles":["SelfHealManager Comprehensive Coverage","getHealingHistory"],"duration":0,"failing":false,"failureDetails":[],"failureMessages":[],"fullName":"SelfHealManager Comprehensive Coverage getHealingHistory should include healing ID in history entries","invocations":1,"location":null,"numPassingAsserts":1,"retryReasons":[],"startAt":1751897843959,"status":"passed","title":"should include healing ID in history entries"},{"ancestorTitles":["SelfHealManager Comprehensive Coverage","Error Handling and Edge Cases"],"duration":3002,"failing":false,"failureDetails":[],"failureMessages":[],"fullName":"SelfHealManager Comprehensive Coverage Error Handling and Edge Cases should handle execSync timeout errors","invocations":1,"location":null,"numPassingAsserts":1,"retryReasons":[],"startAt":1751897843960,"status":"passed","title":"should handle execSync timeout errors"},{"ancestorTitles":["SelfHealManager Comprehensive Coverage","Error Handling and Edge Cases"],"duration":3004,"failing":false,"failureDetails":[],"failureMessages":[],"fullName":"SelfHealManager Comprehensive Coverage Error Handling and Edge Cases should handle execSync without cmd property","invocations":1,"location":null,"numPassingAsserts":1,"retryReasons":[],"startAt":1751897846963,"status":"passed","title":"should handle execSync without cmd property"},{"ancestorTitles":["SelfHealManager Comprehensive Coverage","Error Handling and Edge Cases"],"duration":3005,"failing":false,"failureDetails":[],"failureMessages":[],"fullName":"SelfHealManager Comprehensive Coverage Error Handling and Edge Cases should cap exponential backoff wait time","invocations":1,"location":null,"numPassingAsserts":1,"retryReasons":[],"startAt":1751897849967,"status":"passed","title":"should cap exponential backoff wait time"},{"ancestorTitles":["SelfHealManager Comprehensive Coverage","Error Handling and Edge Cases"],"duration":1,"failing":false,"failureDetails":[],"failureMessages":[],"fullName":"SelfHealManager Comprehensive Coverage Error Handling and Edge Cases should handle concurrent healing of different components","invocations":1,"location":null,"numPassingAsserts":3,"retryReasons":[],"startAt":1751897852972,"status":"passed","title":"should handle concurrent healing of different components"}],"endTime":1751897852976,"message":"","name":"/Users/bretmeraki/Downloads/7-3forest-main/modules/__tests__/self-heal-manager-fixed.test.js","startTime":1751897827882,"status":"passed","summary":""},{"assertionResults":[{"ancestorTitles":["SQLite vector storeProvider","Constructor and Configuration"],"duration":2,"failing":false,"failureDetails":[],"failureMessages":[],"fullName":"SQLite vector storeProvider Constructor and Configuration should create provider with default config","invocations":1,"location":null,"numPassingAsserts":5,"retryReasons":[],"startAt":1751897853034,"status":"passed","title":"should create provider with default config"},{"ancestorTitles":["SQLite vector storeProvider","Constructor and Configuration"],"duration":0,"failing":false,"failureDetails":[],"failureMessages":[],"fullName":"SQLite vector storeProvider Constructor and Configuration should create provider with custom config","invocations":1,"location":null,"numPassingAsserts":2,"retryReasons":[],"startAt":1751897853036,"status":"passed","title":"should create provider with custom config"},{"ancestorTitles":["SQLite vector storeProvider","Constructor and Configuration"],"duration":1,"failing":false,"failureDetails":[],"failureMessages":[],"fullName":"SQLite vector storeProvider Constructor and Configuration should handle empty config object","invocations":1,"location":null,"numPassingAsserts":1,"retryReasons":[],"startAt":1751897853036,"status":"passed","title":"should handle empty config object"},{"ancestorTitles":["SQLite vector storeProvider","Constructor and Configuration"],"duration":1,"failing":false,"failureDetails":[],"failureMessages":[],"fullName":"SQLite vector storeProvider Constructor and Configuration should handle null config","invocations":1,"location":null,"numPassingAsserts":2,"retryReasons":[],"startAt":1751897853037,"status":"passed","title":"should handle null config"},{"ancestorTitles":["SQLite vector storeProvider","Dynamic Module Loading"],"duration":0,"failing":false,"failureDetails":[],"failureMessages":[],"fullName":"SQLite vector storeProvider Dynamic Module Loading should load SQLite vector store client successfully","invocations":1,"location":null,"numPassingAsserts":1,"retryReasons":[],"startAt":1751897853038,"status":"passed","title":"should load SQLite vector store client successfully"},{"ancestorTitles":["SQLite vector storeProvider","Dynamic Module Loading"],"duration":1,"failing":false,"failureDetails":[],"failureMessages":[],"fullName":"SQLite vector storeProvider Dynamic Module Loading should handle SQLite vector store initialization","invocations":1,"location":null,"numPassingAsserts":1,"retryReasons":[],"startAt":1751897853038,"status":"passed","title":"should handle SQLite vector store initialization"},{"ancestorTitles":["SQLite vector storeProvider","Dynamic Module Loading"],"duration":1,"failing":false,"failureDetails":[],"failureMessages":[],"fullName":"SQLite vector storeProvider Dynamic Module Loading should use mocked ChromaClient","invocations":1,"location":null,"numPassingAsserts":2,"retryReasons":[],"startAt":1751897853039,"status":"passed","title":"should use mocked ChromaClient"},{"ancestorTitles":["SQLite vector storeProvider","Connection Management"],"duration":0,"failing":false,"failureDetails":[],"failureMessages":[],"fullName":"SQLite vector storeProvider Connection Management should connect successfully","invocations":1,"location":null,"numPassingAsserts":5,"retryReasons":[],"startAt":1751897853040,"status":"passed","title":"should connect successfully"},{"ancestorTitles":["SQLite vector storeProvider","Connection Management"],"duration":1,"failing":false,"failureDetails":[],"failureMessages":[],"fullName":"SQLite vector storeProvider Connection Management should handle connection failure","invocations":1,"location":null,"numPassingAsserts":2,"retryReasons":[],"startAt":1751897853040,"status":"passed","title":"should handle connection failure"},{"ancestorTitles":["SQLite vector storeProvider","Connection Management"],"duration":1,"failing":false,"failureDetails":[],"failureMessages":[],"fullName":"SQLite vector storeProvider Connection Management should test connection with listCollections","invocations":1,"location":null,"numPassingAsserts":1,"retryReasons":[],"startAt":1751897853041,"status":"passed","title":"should test connection with listCollections"},{"ancestorTitles":["SQLite vector storeProvider","Connection Management"],"duration":0,"failing":false,"failureDetails":[],"failureMessages":[],"fullName":"SQLite vector storeProvider Connection Management should handle ensureConnection when already connected","invocations":1,"location":null,"numPassingAsserts":1,"retryReasons":[],"startAt":1751897853042,"status":"passed","title":"should handle ensureConnection when already connected"},{"ancestorTitles":["SQLite vector storeProvider","Connection Management"],"duration":1,"failing":false,"failureDetails":[],"failureMessages":[],"fullName":"SQLite vector storeProvider Connection Management should reconnect when connection is lost","invocations":1,"location":null,"numPassingAsserts":1,"retryReasons":[],"startAt":1751897853042,"status":"passed","title":"should reconnect when connection is lost"},{"ancestorTitles":["SQLite vector storeProvider","Connection Management"],"duration":0,"failing":false,"failureDetails":[],"failureMessages":[],"fullName":"SQLite vector storeProvider Connection Management should handle max reconnection attempts exceeded","invocations":1,"location":null,"numPassingAsserts":1,"retryReasons":[],"startAt":1751897853043,"status":"passed","title":"should handle max reconnection attempts exceeded"},{"ancestorTitles":["SQLite vector storeProvider","Connection Management"],"duration":2004,"failing":false,"failureDetails":[],"failureMessages":[],"fullName":"SQLite vector storeProvider Connection Management should use exponential backoff for reconnections","invocations":1,"location":null,"numPassingAsserts":1,"retryReasons":[],"startAt":1751897853043,"status":"passed","title":"should use exponential backoff for reconnections"},{"ancestorTitles":["SQLite vector storeProvider","Collection Management"],"duration":2,"failing":false,"failureDetails":[],"failureMessages":[],"fullName":"SQLite vector storeProvider Collection Management should create collection if it does not exist","invocations":1,"location":null,"numPassingAsserts":1,"retryReasons":[],"startAt":1751897855048,"status":"passed","title":"should create collection if it does not exist"},{"ancestorTitles":["SQLite vector storeProvider","Collection Management"],"duration":1,"failing":false,"failureDetails":[],"failureMessages":[],"fullName":"SQLite vector storeProvider Collection Management should get existing collection","invocations":1,"location":null,"numPassingAsserts":2,"retryReasons":[],"startAt":1751897855050,"status":"passed","title":"should get existing collection"},{"ancestorTitles":["SQLite vector storeProvider","Collection Management"],"duration":1,"failing":false,"failureDetails":[],"failureMessages":[],"fullName":"SQLite vector storeProvider Collection Management should use custom dimension from config","invocations":1,"location":null,"numPassingAsserts":1,"retryReasons":[],"startAt":1751897855051,"status":"passed","title":"should use custom dimension from config"},{"ancestorTitles":["SQLite vector storeProvider","Collection Management"],"duration":1,"failing":false,"failureDetails":[],"failureMessages":[],"fullName":"SQLite vector storeProvider Collection Management should handle collection creation failure","invocations":1,"location":null,"numPassingAsserts":1,"retryReasons":[],"startAt":1751897855052,"status":"passed","title":"should handle collection creation failure"},{"ancestorTitles":["SQLite vector storeProvider","Vector Operations","upsertVector"],"duration":2,"failing":false,"failureDetails":[],"failureMessages":[],"fullName":"SQLite vector storeProvider Vector Operations upsertVector should upsert vector successfully","invocations":1,"location":null,"numPassingAsserts":1,"retryReasons":[],"startAt":1751897855053,"status":"passed","title":"should upsert vector successfully"},{"ancestorTitles":["SQLite vector storeProvider","Vector Operations","upsertVector"],"duration":2,"failing":false,"failureDetails":[],"failureMessages":[],"fullName":"SQLite vector storeProvider Vector Operations upsertVector should flatten complex metadata","invocations":1,"location":null,"numPassingAsserts":1,"retryReasons":[],"startAt":1751897855055,"status":"passed","title":"should flatten complex metadata"},{"ancestorTitles":["SQLite vector storeProvider","Vector Operations","upsertVector"],"duration":2,"failing":false,"failureDetails":[],"failureMessages":[],"fullName":"SQLite vector storeProvider Vector Operations upsertVector should handle corruption detection","invocations":1,"location":null,"numPassingAsserts":2,"retryReasons":[],"startAt":1751897855057,"status":"passed","title":"should handle corruption detection"},{"ancestorTitles":["SQLite vector storeProvider","Vector Operations","upsertVector"],"duration":1,"failing":false,"failureDetails":[],"failureMessages":[],"fullName":"SQLite vector storeProvider Vector Operations upsertVector should handle 500 errors as corruption","invocations":1,"location":null,"numPassingAsserts":1,"retryReasons":[],"startAt":1751897855059,"status":"passed","title":"should handle 500 errors as corruption"},{"ancestorTitles":["SQLite vector storeProvider","Vector Operations","upsertVector"],"duration":1,"failing":false,"failureDetails":[],"failureMessages":[],"fullName":"SQLite vector storeProvider Vector Operations upsertVector should handle connection errors","invocations":1,"location":null,"numPassingAsserts":2,"retryReasons":[],"startAt":1751897855060,"status":"passed","title":"should handle connection errors"},{"ancestorTitles":["SQLite vector storeProvider","Vector Operations","queryVectors"],"duration":3,"failing":false,"failureDetails":[],"failureMessages":[],"fullName":"SQLite vector storeProvider Vector Operations queryVectors should query vectors successfully","invocations":1,"location":null,"numPassingAsserts":3,"retryReasons":[],"startAt":1751897855061,"status":"passed","title":"should query vectors successfully"},{"ancestorTitles":["SQLite vector storeProvider","Vector Operations","queryVectors"],"duration":1,"failing":false,"failureDetails":[],"failureMessages":[],"fullName":"SQLite vector storeProvider Vector Operations queryVectors should apply threshold filtering","invocations":1,"location":null,"numPassingAsserts":1,"retryReasons":[],"startAt":1751897855064,"status":"passed","title":"should apply threshold filtering"},{"ancestorTitles":["SQLite vector storeProvider","Vector Operations","queryVectors"],"duration":1,"failing":false,"failureDetails":[],"failureMessages":[],"fullName":"SQLite vector storeProvider Vector Operations queryVectors should handle filters","invocations":1,"location":null,"numPassingAsserts":1,"retryReasons":[],"startAt":1751897855065,"status":"passed","title":"should handle filters"},{"ancestorTitles":["SQLite vector storeProvider","Vector Operations","queryVectors"],"duration":1,"failing":false,"failureDetails":[],"failureMessages":[],"fullName":"SQLite vector storeProvider Vector Operations queryVectors should validate queryVector is array","invocations":1,"location":null,"numPassingAsserts":1,"retryReasons":[],"startAt":1751897855066,"status":"passed","title":"should validate queryVector is array"},{"ancestorTitles":["SQLite vector storeProvider","Vector Operations","queryVectors"],"duration":1,"failing":false,"failureDetails":[],"failureMessages":[],"fullName":"SQLite vector storeProvider Vector Operations queryVectors should handle empty results","invocations":1,"location":null,"numPassingAsserts":1,"retryReasons":[],"startAt":1751897855067,"status":"passed","title":"should handle empty results"},{"ancestorTitles":["SQLite vector storeProvider","Vector Operations","queryVectors"],"duration":2,"failing":false,"failureDetails":[],"failureMessages":[],"fullName":"SQLite vector storeProvider Vector Operations queryVectors should handle corruption in query","invocations":1,"location":null,"numPassingAsserts":1,"retryReasons":[],"startAt":1751897855068,"status":"passed","title":"should handle corruption in query"},{"ancestorTitles":["SQLite vector storeProvider","Vector Operations","deleteVector"],"duration":1,"failing":false,"failureDetails":[],"failureMessages":[],"fullName":"SQLite vector storeProvider Vector Operations deleteVector should delete vector successfully","invocations":1,"location":null,"numPassingAsserts":1,"retryReasons":[],"startAt":1751897855070,"status":"passed","title":"should delete vector successfully"},{"ancestorTitles":["SQLite vector storeProvider","Vector Operations","deleteVector"],"duration":1,"failing":false,"failureDetails":[],"failureMessages":[],"fullName":"SQLite vector storeProvider Vector Operations deleteVector should handle delete errors","invocations":1,"location":null,"numPassingAsserts":1,"retryReasons":[],"startAt":1751897855071,"status":"passed","title":"should handle delete errors"},{"ancestorTitles":["SQLite vector storeProvider","Vector Operations","deleteNamespace"],"duration":0,"failing":false,"failureDetails":[],"failureMessages":[],"fullName":"SQLite vector storeProvider Vector Operations deleteNamespace should delete namespace successfully","invocations":1,"location":null,"numPassingAsserts":2,"retryReasons":[],"startAt":1751897855072,"status":"passed","title":"should delete namespace successfully"},{"ancestorTitles":["SQLite vector storeProvider","Vector Operations","deleteNamespace"],"duration":1,"failing":false,"failureDetails":[],"failureMessages":[],"fullName":"SQLite vector storeProvider Vector Operations deleteNamespace should handle no matching vectors","invocations":1,"location":null,"numPassingAsserts":1,"retryReasons":[],"startAt":1751897855072,"status":"passed","title":"should handle no matching vectors"},{"ancestorTitles":["SQLite vector storeProvider","Vector Operations","listVectors"],"duration":1,"failing":false,"failureDetails":[],"failureMessages":[],"fullName":"SQLite vector storeProvider Vector Operations listVectors should list vectors with prefix","invocations":1,"location":null,"numPassingAsserts":3,"retryReasons":[],"startAt":1751897855073,"status":"passed","title":"should list vectors with prefix"},{"ancestorTitles":["SQLite vector storeProvider","Vector Operations","listVectors"],"duration":1,"failing":false,"failureDetails":[],"failureMessages":[],"fullName":"SQLite vector storeProvider Vector Operations listVectors should list all vectors when no prefix","invocations":1,"location":null,"numPassingAsserts":1,"retryReasons":[],"startAt":1751897855074,"status":"passed","title":"should list all vectors when no prefix"},{"ancestorTitles":["SQLite vector storeProvider","Vector Operations","listVectors"],"duration":0,"failing":false,"failureDetails":[],"failureMessages":[],"fullName":"SQLite vector storeProvider Vector Operations listVectors should handle corruption in listVectors","invocations":1,"location":null,"numPassingAsserts":1,"retryReasons":[],"startAt":1751897855075,"status":"passed","title":"should handle corruption in listVectors"},{"ancestorTitles":["SQLite vector storeProvider","Metadata Flattening"],"duration":1,"failing":false,"failureDetails":[],"failureMessages":[],"fullName":"SQLite vector storeProvider Metadata Flattening should handle simple types","invocations":1,"location":null,"numPassingAsserts":1,"retryReasons":[],"startAt":1751897855075,"status":"passed","title":"should handle simple types"},{"ancestorTitles":["SQLite vector storeProvider","Metadata Flattening"],"duration":0,"failing":false,"failureDetails":[],"failureMessages":[],"fullName":"SQLite vector storeProvider Metadata Flattening should convert arrays to JSON strings","invocations":1,"location":null,"numPassingAsserts":1,"retryReasons":[],"startAt":1751897855076,"status":"passed","title":"should convert arrays to JSON strings"},{"ancestorTitles":["SQLite vector storeProvider","Metadata Flattening"],"duration":1,"failing":false,"failureDetails":[],"failureMessages":[],"fullName":"SQLite vector storeProvider Metadata Flattening should convert objects to JSON strings","invocations":1,"location":null,"numPassingAsserts":1,"retryReasons":[],"startAt":1751897855076,"status":"passed","title":"should convert objects to JSON strings"},{"ancestorTitles":["SQLite vector storeProvider","Metadata Flattening"],"duration":0,"failing":false,"failureDetails":[],"failureMessages":[],"fullName":"SQLite vector storeProvider Metadata Flattening should skip null and undefined values","invocations":1,"location":null,"numPassingAsserts":1,"retryReasons":[],"startAt":1751897855077,"status":"passed","title":"should skip null and undefined values"},{"ancestorTitles":["SQLite vector storeProvider","Metadata Flattening"],"duration":1,"failing":false,"failureDetails":[],"failureMessages":[],"fullName":"SQLite vector storeProvider Metadata Flattening should convert other types to strings","invocations":1,"location":null,"numPassingAsserts":3,"retryReasons":[],"startAt":1751897855077,"status":"passed","title":"should convert other types to strings"},{"ancestorTitles":["SQLite vector storeProvider","Metadata Flattening"],"duration":1,"failing":false,"failureDetails":[],"failureMessages":[],"fullName":"SQLite vector storeProvider Metadata Flattening should handle non-object metadata","invocations":1,"location":null,"numPassingAsserts":4,"retryReasons":[],"startAt":1751897855078,"status":"passed","title":"should handle non-object metadata"},{"ancestorTitles":["SQLite vector storeProvider","Error Handling and Corruption Detection"],"duration":1,"failing":false,"failureDetails":[],"failureMessages":[],"fullName":"SQLite vector storeProvider Error Handling and Corruption Detection should detect corruption patterns","invocations":1,"location":null,"numPassingAsserts":5,"retryReasons":[],"startAt":1751897855080,"status":"passed","title":"should detect corruption patterns"},{"ancestorTitles":["SQLite vector storeProvider","Error Handling and Corruption Detection"],"duration":0,"failing":false,"failureDetails":[],"failureMessages":[],"fullName":"SQLite vector storeProvider Error Handling and Corruption Detection should handle non-corruption errors normally","invocations":1,"location":null,"numPassingAsserts":2,"retryReasons":[],"startAt":1751897855081,"status":"passed","title":"should handle non-corruption errors normally"},{"ancestorTitles":["SQLite vector storeProvider","Error Handling and Corruption Detection"],"duration":0,"failing":false,"failureDetails":[],"failureMessages":[],"fullName":"SQLite vector storeProvider Error Handling and Corruption Detection should handle connection errors","invocations":1,"location":null,"numPassingAsserts":4,"retryReasons":[],"startAt":1751897855082,"status":"passed","title":"should handle connection errors"},{"ancestorTitles":["SQLite vector storeProvider","Collection Reset and Recovery"],"duration":1,"failing":false,"failureDetails":[],"failureMessages":[],"fullName":"SQLite vector storeProvider Collection Reset and Recovery should reset collection successfully","invocations":1,"location":null,"numPassingAsserts":4,"retryReasons":[],"startAt":1751897855082,"status":"passed","title":"should reset collection successfully"},{"ancestorTitles":["SQLite vector storeProvider","Collection Reset and Recovery"],"duration":1,"failing":false,"failureDetails":[],"failureMessages":[],"fullName":"SQLite vector storeProvider Collection Reset and Recovery should handle collection delete failure during reset","invocations":1,"location":null,"numPassingAsserts":1,"retryReasons":[],"startAt":1751897855083,"status":"passed","title":"should handle collection delete failure during reset"},{"ancestorTitles":["SQLite vector storeProvider","Collection Reset and Recovery"],"duration":2,"failing":false,"failureDetails":[],"failureMessages":[],"fullName":"SQLite vector storeProvider Collection Reset and Recovery should handle complete reset failure","invocations":1,"location":null,"numPassingAsserts":1,"retryReasons":[],"startAt":1751897855084,"status":"passed","title":"should handle complete reset failure"},{"ancestorTitles":["SQLite vector storeProvider","Keep-Alive Mechanism"],"duration":1,"failing":false,"failureDetails":[],"failureMessages":[],"fullName":"SQLite vector storeProvider Keep-Alive Mechanism should not start keep-alive for embedded mode","invocations":1,"location":null,"numPassingAsserts":1,"retryReasons":[],"startAt":1751897855086,"status":"passed","title":"should not start keep-alive for embedded mode"},{"ancestorTitles":["SQLite vector storeProvider","Keep-Alive Mechanism"],"duration":1,"failing":false,"failureDetails":[],"failureMessages":[],"fullName":"SQLite vector storeProvider Keep-Alive Mechanism should start keep-alive for server mode","invocations":1,"location":null,"numPassingAsserts":1,"retryReasons":[],"startAt":1751897855087,"status":"passed","title":"should start keep-alive for server mode"},{"ancestorTitles":["SQLite vector storeProvider","Keep-Alive Mechanism"],"duration":1,"failing":false,"failureDetails":[],"failureMessages":[],"fullName":"SQLite vector storeProvider Keep-Alive Mechanism should ping server during keep-alive","invocations":1,"location":null,"numPassingAsserts":1,"retryReasons":[],"startAt":1751897855088,"status":"passed","title":"should ping server during keep-alive"},{"ancestorTitles":["SQLite vector storeProvider","Keep-Alive Mechanism"],"duration":1,"failing":false,"failureDetails":[],"failureMessages":[],"fullName":"SQLite vector storeProvider Keep-Alive Mechanism should handle keep-alive failure","invocations":1,"location":null,"numPassingAsserts":2,"retryReasons":[],"startAt":1751897855089,"status":"passed","title":"should handle keep-alive failure"},{"ancestorTitles":["SQLite vector storeProvider","Keep-Alive Mechanism"],"duration":0,"failing":false,"failureDetails":[],"failureMessages":[],"fullName":"SQLite vector storeProvider Keep-Alive Mechanism should stop 
[...]
serts":6,"retryReasons":[],"startAt":1751897855583,"status":"passed","title":"should return valid scores for all SCORING constants"},{"ancestorTitles":["TaskScorer","NaN Prevention Tests"],"duration":0,"failing":false,"failureDetails":[],"failureMessages":[],"fullName":"TaskScorer NaN Prevention Tests should handle edge cases without NaN","invocations":1,"location":null,"numPassingAsserts":4,"retryReasons":[],"startAt":1751897855583,"status":"passed","title":"should handle edge cases without NaN"},{"ancestorTitles":["TaskScorer","NaN Prevention Tests"],"duration":0,"failing":false,"failureDetails":[],"failureMessages":[],"fullName":"TaskScorer NaN Prevention Tests should verify all SCORING constants are numbers","invocations":1,"location":null,"numPassingAsserts":18,"retryReasons":[],"startAt":1751897855583,"status":"passed","title":"should verify all SCORING constants are numbers"}],"endTime":1751897855584,"message":"","name":"/Users/bretmeraki/Downloads/7-3forest-main/modules/task-logic/__tests__/task-scorer.test.js","startTime":1751897855551,"status":"passed","summary":""},{"assertionResults":[{"ancestorTitles":["TaskScorer Final Coverage","Uncovered Line Coverage"],"duration":0,"failing":false,"failureDetails":[],"failureMessages":[],"fullName":"TaskScorer Final Coverage Uncovered Line Coverage should cover isDomainRelevant with activePath matching","invocations":1,"location":null,"numPassingAsserts":1,"retryReasons":[],"startAt":1751897855617,"status":"passed","title":"should cover isDomainRelevant with activePath matching"},{"ancestorTitles":["TaskScorer Final Coverage","Uncovered Line Coverage"],"duration":0,"failing":false,"failureDetails":[],"failureMessages":[],"fullName":"TaskScorer Final Coverage Uncovered Line Coverage should cover isDomainRelevant with domain matching","invocations":1,"location":null,"numPassingAsserts":1,"retryReasons":[],"startAt":1751897855618,"status":"passed","title":"should cover isDomainRelevant with domain matching"},{"ancestorTitles":["TaskScorer Final Coverage","Uncovered Line Coverage"],"duration":0,"failing":false,"failureDetails":[],"failureMessages":[],"fullName":"TaskScorer Final Coverage Uncovered Line Coverage should cover isDomainRelevant with goal keyword matching","invocations":1,"location":null,"numPassingAsserts":1,"retryReasons":[],"startAt":1751897855618,"status":"passed","title":"should cover isDomainRelevant with goal keyword matching"},{"ancestorTitles":["TaskScorer Final Coverage","Uncovered Line Coverage"],"duration":0,"failing":false,"failureDetails":[],"failureMessages":[],"fullName":"TaskScorer Final Coverage Uncovered Line Coverage should cover isDomainRelevant with learningStyle matching","invocations":1,"location":null,"numPassingAsserts":1,"retryReasons":[],"startAt":1751897855618,"status":"passed","title":"should cover isDomainRelevant with learningStyle matching"},{"ancestorTitles":["TaskScorer Final Coverage","Uncovered Line Coverage"],"duration":0,"failing":false,"failureDetails":[],"failureMessages":[],"fullName":"TaskScorer Final Coverage Uncovered Line Coverage should cover isDomainRelevant with focusAreas matching","invocations":1,"location":null,"numPassingAsserts":1,"retryReasons":[],"startAt":1751897855618,"status":"passed","title":"should cover isDomainRelevant with focusAreas matching"},{"ancestorTitles":["TaskScorer Final Coverage","Uncovered Line Coverage"],"duration":0,"failing":false,"failureDetails":[],"failureMessages":[],"fullName":"TaskScorer Final Coverage Uncovered Line Coverage should cover isDomainRelevant error handling","invocations":1,"location":null,"numPassingAsserts":1,"retryReasons":[],"startAt":1751897855618,"status":"passed","title":"should cover isDomainRelevant error handling"},{"ancestorTitles":["TaskScorer Final Coverage","Uncovered Line Coverage"],"duration":0,"failing":false,"failureDetails":[],"failureMessages":[],"fullName":"TaskScorer Final Coverage Uncovered Line Coverage should cover isContextRelevant with non-string context handling","invocations":1,"location":null,"numPassingAsserts":3,"retryReasons":[],"startAt":1751897855618,"status":"passed","title":"should cover isContextRelevant with non-string context handling"},{"ancestorTitles":["TaskScorer Final Coverage","Uncovered Line Coverage"],"duration":0,"failing":false,"failureDetails":[],"failureMessages":[],"fullName":"TaskScorer Final Coverage Uncovered Line Coverage should cover isContextRelevant with JSON.stringify error","invocations":1,"location":null,"numPassingAsserts":1,"retryReasons":[],"startAt":1751897855619,"status":"passed","title":"should cover isContextRelevant with JSON.stringify error"},{"ancestorTitles":["TaskScorer Final Coverage","Uncovered Line Coverage"],"duration":0,"failing":false,"failureDetails":[],"failureMessages":[],"fullName":"TaskScorer Final Coverage Uncovered Line Coverage should cover parseTimeToMinutes with number input","invocations":1,"location":null,"numPassingAsserts":2,"retryReasons":[],"startAt":1751897855619,"status":"passed","title":"should cover parseTimeToMinutes with number input"},{"ancestorTitles":["TaskScorer Final Coverage","Uncovered Line Coverage"],"duration":0,"failing":false,"failureDetails":[],"failureMessages":[],"fullName":"TaskScorer Final Coverage Uncovered Line Coverage should cover parseTimeToMinutes with no match","invocations":1,"location":null,"numPassingAsserts":2,"retryReasons":[],"startAt":1751897855619,"status":"passed","title":"should cover parseTimeToMinutes with no match"},{"ancestorTitles":["TaskScorer Final Coverage","Uncovered Line Coverage"],"duration":0,"failing":false,"failureDetails":[],"failureMessages":[],"fullName":"TaskScorer Final Coverage Uncovered Line Coverage should cover parseTimeToMinutes with hour units","invocations":1,"location":null,"numPassingAsserts":3,"retryReasons":[],"startAt":1751897855619,"status":"passed","title":"should cover parseTimeToMinutes with hour units"},{"ancestorTitles":["TaskScorer Final Coverage","Uncovered Line Coverage"],"duration":0,"failing":false,"failureDetails":[],"failureMessages":[],"fullName":"TaskScorer Final Coverage Uncovered Line Coverage should cover calculateTaskScore without any config or analysis","invocations":1,"location":null,"numPassingAsserts":2,"retryReasons":[],"startAt":1751897855619,"status":"passed","title":"should cover calculateTaskScore without any config or analysis"},{"ancestorTitles":["TaskScorer Final Coverage","Uncovered Line Coverage"],"duration":0,"failing":false,"failureDetails":[],"failureMessages":[],"fullName":"TaskScorer Final Coverage Uncovered Line Coverage should cover empty analysis arrays and objects","invocations":1,"location":null,"numPassingAsserts":2,"retryReasons":[],"startAt":1751897855619,"status":"passed","title":"should cover empty analysis arrays and objects"},{"ancestorTitles":["TaskScorer Final Coverage","Uncovered Line Coverage"],"duration":1,"failing":false,"failureDetails":[],"failureMessages":[],"fullName":"TaskScorer Final Coverage Uncovered Line Coverage should cover branch variation edge cases","invocations":1,"location":null,"numPassingAsserts":9,"retryReasons":[],"startAt":1751897855619,"status":"passed","title":"should cover branch variation edge cases"},{"ancestorTitles":["TaskScorer Final Coverage","Uncovered Line Coverage"],"duration":0,"failing":false,"failureDetails":[],"failureMessages":[],"fullName":"TaskScorer Final Coverage Uncovered Line Coverage should cover life change detection edge cases","invocations":1,"location":null,"numPassingAsserts":8,"retryReasons":[],"startAt":1751897855620,"status":"passed","title":"should cover life change detection edge cases"},{"ancestorTitles":["TaskScorer Final Coverage","Uncovered Line Coverage"],"duration":0,"failing":false,"failureDetails":[],"failureMessages":[],"fullName":"TaskScorer Final Coverage Uncovered Line Coverage should cover isTaskAdaptedForLifeChange all branches","invocations":1,"location":null,"numPassingAsserts":5,"retryReasons":[],"startAt":1751897855620,"status":"passed","title":"should cover isTaskAdaptedForLifeChange all branches"},{"ancestorTitles":["TaskScorer Final Coverage","Uncovered Line Coverage"],"duration":0,"failing":false,"failureDetails":[],"failureMessages":[],"fullName":"TaskScorer Final Coverage Uncovered Line Coverage should test constructor instance method binding","invocations":1,"location":null,"numPassingAsserts":14,"retryReasons":[],"startAt":1751897855620,"status":"passed","title":"should test constructor instance method binding"}],"endTime":1751897855621,"message":"","name":"/Users/bretmeraki/Downloads/7-3forest-main/modules/task-logic/__tests__/task-scorer-final-coverage.test.js","startTime":1751897855587,"status":"passed","summary":""},{"assertionResults":[{"ancestorTitles":["TaskScorer Extended Coverage","Enhanced Rich Context Scoring"],"duration":0,"failing":false,"failureDetails":[],"failureMessages":[],"fullName":"TaskScorer Extended Coverage Enhanced Rich Context Scoring should boost free tasks when budget is constrained","invocations":1,"location":null,"numPassingAsserts":1,"retryReasons":[],"startAt":1751897855649,"status":"passed","title":"should boost free tasks when budget is constrained"},{"ancestorTitles":["TaskScorer Extended Coverage","Enhanced Rich Context Scoring"],"duration":0,"failing":false,"failureDetails":[],"failureMessages":[],"fullName":"TaskScorer Extended Coverage Enhanced Rich Context Scoring should boost habit building tasks","invocations":1,"location":null,"numPassingAsserts":1,"retryReasons":[],"startAt":1751897855650,"status":"passed","title":"should boost habit building tasks"},{"ancestorTitles":["TaskScorer Extended Coverage","Enhanced Rich Context Scoring"],"duration":0,"failing":false,"failureDetails":[],"failureMessages":[],"fullName":"TaskScorer Extended Coverage Enhanced Rich Context Scoring should boost tasks for time-constrained users","invocations":1,"location":null,"numPassingAsserts":1,"retryReasons":[],"startAt":1751897855650,"status":"passed","title":"should boost tasks for time-constrained users"},{"ancestorTitles":["TaskScorer Extended Coverage","Enhanced Rich Context Scoring"],"duration":0,"failing":false,"failureDetails":[],"failureMessages":[],"fullName":"TaskScorer Extended Coverage Enhanced Rich Context Scoring should boost tasks for flexible schedule users","invocations":1,"location":null,"numPassingAsserts":1,"retryReasons":[],"startAt":1751897855650,"status":"passed","title":"should boost tasks for flexible schedule users"},{"ancestorTitles":["TaskScorer Extended Coverage","Enhanced Rich Context Scoring"],"duration":0,"failing":false,"failureDetails":[],"failureMessages":[],"fullName":"TaskScorer Extended Coverage Enhanced Rich Context Scoring should boost location-appropriate tasks","invocations":1,"location":null,"numPassingAsserts":2,"retryReasons":[],"startAt":1751897855650,"status":"passed","title":"should boost location-appropriate tasks"},{"ancestorTitles":["TaskScorer Extended Coverage","Enhanced Rich Context Scoring"],"duration":0,"failing":false,"failureDetails":[],"failureMessages":[],"fullName":"TaskScorer Extended Coverage Enhanced Rich Context Scoring should boost tasks matching learning style","invocations":1,"location":null,"numPassingAsserts":3,"retryReasons":[],"startAt":1751897855650,"status":"passed","title":"should boost tasks matching learning style"},{"ancestorTitles":["TaskScorer Extended Coverage","Enhanced Rich Context Scoring"],"duration":1,"failing":false,"failureDetails":[],"failureMessages":[],"fullName":"TaskScorer Extended Coverage Enhanced Rich Context Scoring should boost tasks matching specific interests","invocations":1,"location":null,"numPassingAsserts":1,"retryReasons":[],"startAt":1751897855650,"status":"passed","title":"should boost tasks matching specific interests"},{"ancestorTitles":["TaskScorer Extended Coverage","Enhanced Rich Context Scoring"],"duration":0,"failing":false,"failureDetails":[],"failureMessages":[],"fullName":"TaskScorer Extended Coverage Enhanced Rich Context Scoring should boost tasks building on existing habits","invocations":1,"location":null,"numPassingAsserts":1,"retryReasons":[],"startAt":1751897855651,"status":"passed","title":"should boost tasks building on existing habits"},{"ancestorTitles":["TaskScorer Extended Coverage","Reasoning Engine Analysis Integration"],"duration":0,"failing":false,"failureDetails":[],"failureMessages":[],"fullName":"TaskScorer Extended Coverage Reasoning Engine Analysis Integration should boost easier tasks when behind schedule","invocations":1,"location":null,"numPassingAsserts":1,"retryReasons":[],"startAt":1751897855651,"status":"passed","title":"should boost easier tasks when behind schedule"},{"ancestorTitles":["TaskScorer Extended Coverage","Reasoning Engine Analysis Integration"],"duration":0,"failing":false,"failureDetails":[],"failureMessages":[],"fullName":"TaskScorer Extended Coverage Reasoning Engine Analysis Integration should boost challenging tasks when ahead of schedule","invocations":1,"location":null,"numPassingAsserts":1,"retryReasons":[],"startAt":1751897855651,"status":"passed","title":"should boost challenging tasks when ahead of schedule"},{"ancestorTitles":["TaskScorer Extended Coverage","Reasoning Engine Analysis Integration"],"duration":0,"failing":false,"failureDetails":[],"failureMessages":[],"fullName":"TaskScorer Extended Coverage Reasoning Engine Analysis Integration should handle difficulty pattern deductions","invocations":1,"location":null,"numPassingAsserts":3,"retryReasons":[],"startAt":1751897855651,"status":"passed","title":"should handle difficulty pattern deductions"},{"ancestorTitles":["TaskScorer Extended Coverage","Reasoning Engine Analysis Integration"],"duration":0,"failing":false,"failureDetails":[],"failureMessages":[],"fullName":"TaskScorer Extended Coverage Reasoning Engine Analysis Integration should handle energy pattern deductions","invocations":1,"location":null,"numPassingAsserts":2,"retryReasons":[],"startAt":1751897855651,"status":"passed","title":"should handle energy pattern deductions"},{"ancestorTitles":["TaskScorer Extended Coverage","Reasoning Engine Analysis Integration"],"duration":0,"failing":false,"failureDetails":[],"failureMessages":[],"fullName":"TaskScorer Extended Coverage Reasoning Engine Analysis Integration should handle breakthrough pattern deductions","invocations":1,"location":null,"numPassingAsserts":1,"retryReasons":[],"startAt":1751897855651,"status":"passed","title":"should handle breakthrough pattern deductions"},{"ancestorTitles":["TaskScorer Extended Coverage","Reasoning Engine Analysis Integration"],"duration":0,"failing":false,"failureDetails":[],"failureMessages":[],"fullName":"TaskScorer Extended Coverage Reasoning Engine Analysis Integration should handle velocity pattern deductions","invocations":1,"location":null,"numPassingAsserts":2,"retryReasons":[],"startAt":1751897855651,"status":"passed","title":"should handle velocity pattern deductions"},{"ancestorTitles":["TaskScorer Extended Coverage","Reasoning Engine Analysis Integration"],"duration":0,"failing":false,"failureDetails":[],"failureMessages":[],"fullName":"TaskScorer Extended Coverage Reasoning Engine Analysis Integration should handle recommendation alignment","invocations":1,"location":null,"numPassingAsserts":2,"retryReasons":[],"startAt":1751897855651,"status":"passed","title":"should handle recommendation alignment"},{"ancestorTitles":["TaskScorer Extended Coverage","Edge Cases and Error Handling"],"duration":1,"failing":false,"failureDetails":[],"failureMessages":[],"fullName":"TaskScorer Extended Coverage Edge Cases and Error Handling should handle null fullConfig gracefully","invocations":1,"location":null,"numPassingAsserts":2,"retryReasons":[],"startAt":1751897855651,"status":"passed","title":"should handle null fullConfig gracefully"},{"ancestorTitles":["TaskScorer Extended Coverage","Edge Cases and Error Handling"],"duration":0,"failing":false,"failureDetails":[],"failureMessages":[],"fullName":"TaskScorer Extended Coverage Edge Cases and Error Handling should handle null reasoningAnalysis gracefully","invocations":1,"location":null,"numPassingAsserts":2,"retryReasons":[],"startAt":1751897855652,"status":"passed","title":"should handle null reasoningAnalysis gracefully"},{"ancestorTitles":["TaskScorer Extended Coverage","Edge Cases and Error Handling"],"duration":0,"failing":false,"failureDetails":[],"failureMessages":[],"fullName":"TaskScorer Extended Coverage Edge Cases and Error Handling should handle missing config properties","invocations":1,"location":null,"numPassingAsserts":2,"retryReasons":[],"startAt":1751897855652,"status":"passed","title":"should handle missing config properties"},{"ancestorTitles":["TaskScorer Extended Coverage","Edge Cases and Error Handling"],"duration":0,"failing":false,"failureDetails":[],"failureMessages":[],"fullName":"TaskScorer Extended Coverage Edge Cases and Error Handling should handle empty arrays in config","invocations":1,"location":null,"numPassingAsserts":2,"retryReasons":[],"startAt":1751897855652,"status":"passed","title":"should handle empty arrays in config"},{"ancestorTitles":["TaskScorer Extended Coverage","Edge Cases and Error Handling"],"duration":0,"failing":false,"failureDetails":[],"failureMessages":[],"fullName":"TaskScorer Extended Coverage Edge Cases and Error Handling should handle malformed reasoning analysis","invocations":1,"location":null,"numPassingAsserts":2,"retryReasons":[],"startAt":1751897855652,"status":"passed","title":"should handle malformed reasoning analysis"},{"ancestorTitles":["TaskScorer Extended Coverage","Constructor and Instance Methods"],"duration":0,"failing":false,"failureDetails":[],"failureMessages":[],"fullName":"TaskScorer Extended Coverage Constructor and Instance Methods should create TaskScorer instance with bound methods","invocations":1,"location":null,"numPassingAsserts":7,"retryReasons":[],"startAt":1751897855652,"status":"passed","title":"should create TaskScorer instance with bound methods"},{"ancestorTitles":["TaskScorer Extended Coverage","Constructor and Instance Methods"],"duration":0,"failing":false,"failureDetails":[],"failureMessages":[],"fullName":"TaskScorer Extended Coverage Constructor and Instance Methods should have bound methods work correctly","invocations":1,"location":null,"numPassingAsserts":2,"retryReasons":[],"startAt":1751897855652,"status":"passed","title":"should have bound methods work correctly"},{"ancestorTitles":["TaskScorer Extended Coverage","parseTimeToMinutes edge cases"],"duration":0,"failing":false,"failureDetails":[],"failureMessages":[],"fullName":"TaskScorer Extended Coverage parseTimeToMinutes edge cases should handle numeric input","invocations":1,"location":null,"numPassingAsserts":2,"retryReasons":[],"startAt":1751897855652,"status":"passed","title":"should handle numeric input"},{"ancestorTitles":["TaskScorer Extended Coverage","parseTimeToMinutes edge cases"],"duration":0,"failing":false,"failureDetails":[],"failureMessages":[],"fullName":"TaskScorer Extended Coverage parseTimeToMinutes edge cases should handle decimal values","invocations":1,"location":null,"numPassingAsserts":2,"retryReasons":[],"startAt":1751897855652,"status":"passed","title":"should handle decimal values"},{"ancestorTitles":["TaskScorer Extended Coverage","parseTimeToMinutes edge cases"],"duration":1,"failing":false,"failureDetails":[],"failureMessages":[],"fullName":"TaskScorer Extended Coverage parseTimeToMinutes edge cases should handle various time unit formats","invocations":1,"location":null,"numPassingAsserts":3,"retryReasons":[],"startAt":1751897855652,"status":"passed","title":"should handle various time unit formats"}],"endTime":1751897855653,"message":"","name":"/Users/bretmeraki/Downloads/7-3forest-main/modules/task-logic/__tests__/task-scorer-extended.test.js","startTime":1751897855622,"status":"passed","summary":""}],"wasInterrupted":false}

